= Solo Test @ Thu Apr 03 11:10:05 -0400 2008

TEST FILE                                        TESTS    ASSERTIONS  FAILURES    ERRORS   
test/integer/test_of.rb                            2          2          0          0        [PASS]
test/integer/test_factorial.rb                     1          5          0          0        [PASS]
test/integer/test_ordinal.rb                       1          4          0          0        [PASS]
test/integer/test_bitmask.rb                       6         21          0          0        [PASS]
test/integer/test_multiple.rb                      1          4          0          0        [PASS]
test/test_syncarray.rb                             1          1          0          0        [PASS]
test/test_crypt.rb                                 2          8          0          0        [PASS]
test/test_metaid.rb                                4          4          0          0        [PASS]
test/test_bytes.rb                                12         18          0          0        [PASS]
test/test_infinity.rb                              4         16          0          0        [PASS]
test/symbol/test_generate.rb                       2          4          0          0        [PASS]
test/symbol/test_chomp.rb                          2          2          0          0        [PASS]
test/symbol/test_not.rb                            1          2          0          0        [PASS]
test/test_1stclassmethod.rb                        2          3          0          0        [PASS]
test/test_typecast.rb                              6          6          0          0        [PASS]
test/test_buildable.rb                             2          2          0          0        [PASS]
test/test_instantise.rb                            2          2          0          0        [PASS]
test/test_openobject.rb                           13         29          0          0        [PASS]
test/test_equatable.rb                             1          3          0          0        [PASS]
test/test_uri.rb                                   4          4          0          0        [PASS]
test/test_opencascade.rb                           7        109          0          0        [PASS]
test/test_multipliers.rb                          21         21          0          0        [PASS]
test/test_autoarray.rb                             0          0          0          0        [PASS]
test/test_random.rb                               20        260          0          0        [PASS]
test/test_basicobject.rb                           7         13          0          0        [PASS]
test/test_boolean.rb                               8         35          0          0        [PASS]
test/test_continuation.rb                          1          1          0          0        [PASS]
test/test_prototype.rb                             2          4          0          0        [PASS]
test/test_ostruct.rb                              13         41          0          0        [PASS]
test/numeric/test_distance.rb                      1          3          0          0        [PASS]
test/numeric/test_round.rb                         4          8          0          0        [PASS]
test/numeric/test_approx.rb                        1          3          0          0        [PASS]
test/test_elementwise.rb                           2          8          0          0        [PASS]
test/test_class_extension.rb                       5          9          0          0        [PASS]
test/binding/test_defined.rb                       1          1          0          0        [PASS]
test/binding/test_self.rb                          1          1          0          0        [PASS]
test/binding/test_caller.rb                        7          7          0          0        [PASS]
test/binding/test_local_variables.rb               1          1          0          0        [PASS]
test/binding/test_opvars.rb                        2          3          0          0        [PASS]
test/test_thread.rb                                3          3          0          0        [PASS]
test/test_date.rb                                  9         11          0          0        [PASS]
test/test_dependency.rb                            4          4          0          0        [PASS]
test/proc/test_bind.rb                             1        100          0          0        [PASS]
test/proc/test_to_method.rb                        2          6          0          0        [PASS]
test/proc/test_curry.rb                            2          3          0          0        [PASS]
test/proc/test_compose.rb                          2          4          0          0        [PASS]
test/proc/test_partial.rb                          3          3          0          0        [PASS]
test/range/test_overlap.rb                         2          2          0          0        [PASS]
test/range/test_combine.rb                         2          2          0          0        [PASS]
test/range/test_to_r.rb                            2          2          0          0        [PASS]
test/range/test_within.rb                          5         15          0          0        [PASS]
test/test_ruby/symbol/test_succ.rb                 1          3          0          0        [PASS]
test/test_ruby/kernel/test_tap.rb                  2          2          0          0        [PASS]
test/test_ruby/array/test_combination.rb           2          2          0          0        [PASS]
test/test_ruby/array/test_product.rb               1          1          0          0        [PASS]
test/test_ruby/array/test_permutation.rb           1          1          0          0        [PASS]
test/test_times.rb                                13         13          0          0        [PASS]
test/test_binreadable.rb                           4         13          0          0        [PASS]
test/file/test_file.rb                             9          9          0          0        [PASS]
test/test_cloneable.rb                             2          6          0          0        [PASS]
test/test_inheritor.rb                            20         23          0          0        [PASS]
test/test_uninheritable.rb                         1          2          0          0        [PASS]
test/test_timer.rb                                 3          8          0          0        [PASS]
test/test_annotations.rb                          16         22          0          0        [PASS]
test/test_recorder.rb                              1          1          0          0        [PASS]
test/test_ruby.rb                                 21        441          0          0        [PASS]
test/hash/test_collate.rb                          2         12          0          0        [PASS]
test/hash/test_keys.rb                             3          5          0          0        [PASS]
test/hash/test_inverse.rb                          1          3          0          0        [PASS]
test/hash/test_stringify_keys.rb                   2          4          0          0        [PASS]
test/hash/test_rekey2.rb                           5         10          0          0        [PASS]
test/hash/test_delete.rb                           3          3          0          0        [PASS]
test/hash/test_symbolize_keys.rb                   2          4          0          0        [PASS]
test/hash/test_weave.rb                            1          1          0          0        [PASS]
test/hash/test_alias.rb                            1          3          0          0        [PASS]
test/hash/test_update.rb                           5          5          0          0        [PASS]
test/hash/test_swap.rb                             1          1          0          0        [PASS]
test/hash/test_at.rb                               1          2          0          0        [PASS]
test/hash/test_op.rb                               5          5          0          0        [PASS]
test/hash/test_select.rb                           1         12          0          0        [PASS]
test/hash/test_autonew.rb                          1          0          0          0        [PASS]
test/hash/test_insert.rb                           1          2          0          0        [PASS]
test/hash/test_traverse.rb                         2          3          0          0        [PASS]
test/hash/test_zipnew.rb                           1          1          0          0        [PASS]
test/hash/test_mash.rb                             2          2          0          0        [PASS]
test/hash/test_merge.rb                            1          1          0          0        [PASS]
test/hash/test_rekey.rb                            4         14          0          0        [PASS]
test/kernel/test_val.rb                            3          6          0          0        [PASS]
test/kernel/test_not_nil.rb                        1          4          0          0        [PASS]
test/kernel/test_resc.rb                           1          2          0          0        [PASS]
test/kernel/test_attr_singleton.rb                 3          8          0          0        [PASS]
test/kernel/test_constant.rb                       1          4          0          0        [PASS]
test/kernel/test_populate.rb                       3          9          0          0        [PASS]
test/kernel/test_callstack.rb                      1          1          0          0        [PASS]
test/kernel/test_instance_class.rb                 1          1          0          0        [PASS]
test/kernel/test_silence.rb                        1          1          0          0        [PASS]
test/kernel/test_object_hexid.rb                   1          1          0          0        [PASS]
test/kernel/test_in.rb                             1          2          0          0        [PASS]
test/kernel/test_instance_assign.rb                1          3          0          0        [PASS]
test/kernel/test_object_class.rb                   2          2          0          0        [PASS]
test/kernel/test_returning.rb                      1          1          0          0        [PASS]
test/kernel/test_here.rb                           1          1          0          0        [PASS]
test/kernel/test_deepcopy.rb                       1          1          0          0        [PASS]
test/kernel/test_as.rb                             4          5          0          0        [PASS]
test/test_tuple.rb                                 6         11          0          0        [PASS]
test/comparable/test_cmp.rb                        3         11          0          0        [PASS]
test/comparable/test_comparable.rb                 1          5          0          0        [PASS]
test/comparable/test_bound.rb                      4         22          0          0        [PASS]
test/test_classmethods.rb                          5          9          0          0        [PASS]
test/test_association.rb                           3          4          0          0        [PASS]
test/test_blank.rb                                 1          2          0          0        [PASS]
test/test_command.rb                               3          3          0          0        [PASS]
test/test_bbcode.rb                                2          2          0          0        [PASS]
test/enumerable/test_uniq_by.rb                    1          1          0          0        [PASS]
test/enumerable/test_occur.rb                      1          4          0          0        [PASS]
test/enumerable/test_inject.rb                     2          2          0          0        [PASS]
test/enumerable/test_probability.rb                5          9          0          0        [PASS]
test/enumerable/test_cluster_by.rb                 2          3          0          0        [PASS]
test/enumerable/test_each_by.rb                    7          7          0          0        [PASS]
test/enumerable/test_collect.rb                    2          2          0          0        [PASS]
test/enumerable/test_mash.rb                       5          5          0          0        [PASS]
test/test_memoize.rb                               3          3          0          0        [PASS]
test/test_interval.rb                             36         36          0          0        [PASS]
test/test_getoptlong.rb                            1          2          0          0        [PASS]
test/test_snapshot.rb                              1          3          0          0        [PASS]
test/test_succ.rb                                  3         16          0          0        [PASS]
test/test_style.rb                                 8         15          0          0        [PASS]
test/test_coroutine.rb                             1          1          0          0        [PASS]
test/string/test_subtract.rb                       1          3          0          0        [PASS]
test/string/test_natcmp.rb                         1          5          0          0        [PASS]
test/string/test_words.rb                         10         18          0          0        [PASS]
test/string/test_camelcase.rb                      3          7          0          0        [PASS]
test/string/test_nchar.rb                          1          4          0          0        [PASS]
test/string/test_cleave.rb                         4          9          0          0        [PASS]
test/string/test_capitalized.rb                    3          3          0          0        [PASS]
test/string/test_titlecase.rb                      1          1          0          0        [PASS]
test/string/test_fold.rb                           2          2          0          0        [PASS]
test/string/test_line_wrap.rb                      1          2          0          0        [PASS]
test/string/test_to_re.rb                          3          9          0          0        [PASS]
test/string/test_range.rb                          3          5          0          0        [PASS]
test/string/test_align.rb                          3          3          0          0        [PASS]
test/string/test_xor.rb                            1          1          0          0        [PASS]
test/string/test_divide.rb                         1          1          0          0        [PASS]
test/string/test_snakecase.rb                      1          4          0          0        [PASS]
test/string/test_shatter.rb                        1          1          0          0        [PASS]
test/string/test_interpolate.rb                    1          1          0          0        [PASS]
test/string/test_tab.rb                           15        129          0          0        [PASS]
test/string/test_mscan.rb                          1          4          0          0        [PASS]
test/string/test_bracket.rb                        7         22          0          0        [PASS]
test/test_overload.rb                             10         12          0          0        [PASS]
test/module/test_nesting.rb                        4          1          0          3        [FAIL]
test/module/test_ancestor.rb                       1          1          0          0        [PASS]
test/module/test_alias.rb                          2          2          0          0        [PASS]
test/module/test_op.rb                             3         11          0          0        [PASS]
test/module/test_revise.rb                        11         15          0          0        [PASS]
test/module/test_abstract.rb                       2          2          0          0        [PASS]
test/module/test_clone.rb                          3          7          0          0        [PASS]
test/module/test_pathize.rb                        1          1          0          0        [PASS]
test/test_elementor.rb                             5          8          0          0        [PASS]
test/test_to_hash.rb                               5          5          0          0        [PASS]
test/test_enumerablepass.rb                        8          7          0          0        [PASS]
test/time/test_to_time.rb                          1          3          0          0        [PASS]
test/time/test_stamp.rb                            2          2          0          0        [PASS]
test/time/test_change.rb                           1          1          0          0        [PASS]
test/time/test_elapse.rb                           1          1          0          0        [PASS]
test/test_ansicode.rb                              2          2          0          0        [PASS]
test/test_dictionary.rb                           11         31          0          0        [PASS]
test/dir/test_descend.rb                           1          4          0          0        [PASS]
test/dir/test_ascend.rb                            2          7          0          0        [PASS]
test/dir/test_multiglob.rb                         2          2          0          0        [PASS]
test/dir/test_parent.rb                            1          1          0          0        [PASS]
test/dir/test_recurse.rb                           2          2          0          0        [PASS]
test/test_lrucache.rb                              1          0          0          0        [PASS]
test/test_xoxo.rb                                 26         28          0          0        [PASS]
test/test_instantiable.rb                          2          2          0          0        [PASS]
test/filetest/test_filetest.rb                     1          1          0          0        [PASS]
test/class/test_descendents.rb                     1          1          0          0        [PASS]
test/test_functor.rb                               2          9          0          0        [PASS]
test/test_linkedlist.rb                            1         20          0          0        [PASS]
test/array/test_product.rb                         1          1          0          0        [PASS]
test/array/test_delete.rb                          3          7          0          0        [PASS]
test/array/test_stackable.rb                       2          4          0          0        [PASS]
test/array/test_select.rb                          1          1          0          0        [PASS]
test/array/test_only.rb                            1          4          0          0        [PASS]
test/array/test_indexable.rb                      14         28          0          0        [PASS]
test/array/test_pad.rb                             4          4          0          0        [PASS]
test/array/test_merge.rb                           2          2          0          0        [PASS]
test/array/test_rotate.rb                          2          4          0          0        [PASS]
test/test_methodspace.rb                           6          6          0          0        [PASS]
test/test_synchash.rb                              1          1          0          0        [PASS]
test/test_arguments.rb                             6         10          0          0        [PASS]
test/regexp/test_to_re.rb                          2          2          0          0        [PASS]
test/regexp/test_arity.rb                          1          4          0          0        [PASS]
test/matchdata/test_matchset.rb                    3          3          0          0        [PASS]
test/matchdata/test_match.rb                       1          1          0          0        [PASS]
test/test_multiton.rb                              6         16          0          0        [PASS]
test/exception/test_exception.rb                   1          1          0          0        [PASS]
test/test_advisable.rb                             2          4          0          0        [PASS]
test/test_cattr.rb                                 4          8          0          0        [PASS]
TOTAL                                            727       2227          0          3

-- Failures and Errors --

Loaded suite test/module/test_nesting
Started
EE.E
Finished in 0.000972 seconds.

  1) Error:
test_basename(TestModuleNesting):
NoMethodError: undefined method `basename' for Test::Unit::TestCase:Class
    test/module/test_nesting.rb:7:in `test_basename'

  2) Error:
test_modspace(TestModuleNesting):
NoMethodError: undefined method `modspace' for Test::Unit::TestCase:Class
    test/module/test_nesting.rb:18:in `test_modspace'

  3) Error:
test_spacename(TestModuleNesting):
NoMethodError: undefined method `spacename' for Test::Unit::TestCase:Class
    test/module/test_nesting.rb:11:in `test_spacename'

4 tests, 1 assertions, 0 failures, 3 errors


= Solo Test @ Thu Apr 03 11:48:36 -0400 2008

TEST FILE                                        TESTS    ASSERTIONS  FAILURES    ERRORS   
test/integer/test_of.rb                            2          2          0          0        [PASS]
test/integer/test_factorial.rb                     1          5          0          0        [PASS]
test/integer/test_ordinal.rb                       1          4          0          0        [PASS]
test/integer/test_bitmask.rb                       6         21          0          0        [PASS]
test/integer/test_multiple.rb                      1          4          0          0        [PASS]
test/test_syncarray.rb                             1          1          0          0        [PASS]
test/test_crypt.rb                                 2          8          0          0        [PASS]
test/test_metaid.rb                                4          4          0          0        [PASS]
test/test_bytes.rb                                12         18          0          0        [PASS]
test/test_infinity.rb                              4         16          0          0        [PASS]
test/symbol/test_generate.rb                       2          4          0          0        [PASS]
test/symbol/test_chomp.rb                          2          2          0          0        [PASS]
test/symbol/test_not.rb                            1          2          0          0        [PASS]
test/test_1stclassmethod.rb                        2          3          0          0        [PASS]
test/test_typecast.rb                              6          6          0          0        [PASS]
test/test_buildable.rb                             2          2          0          0        [PASS]
test/test_instantise.rb                            2          2          0          0        [PASS]
test/test_openobject.rb                           13         29          0          0        [PASS]
test/test_equatable.rb                             1          3          0          0        [PASS]
test/test_uri.rb                                   4          4          0          0        [PASS]
test/test_opencascade.rb                           7        109          0          0        [PASS]
test/test_multipliers.rb                          21         21          0          0        [PASS]
test/test_autoarray.rb                             0          0          0          0        [PASS]
test/test_random.rb                               20        260          0          0        [PASS]
test/test_basicobject.rb                           7         13          0          0        [PASS]
test/test_boolean.rb                               8         35          0          0        [PASS]
test/test_continuation.rb                          1          1          0          0        [PASS]
test/test_prototype.rb                             2          4          0          0        [PASS]
test/test_ostruct.rb                              13         41          0          0        [PASS]
test/numeric/test_distance.rb                      1          3          0          0        [PASS]
test/numeric/test_round.rb                         4          8          0          0        [PASS]
test/numeric/test_approx.rb                        1          3          0          0        [PASS]
test/test_elementwise.rb                           2          8          0          0        [PASS]
test/test_class_extension.rb                       5          9          0          0        [PASS]
test/binding/test_defined.rb                       1          1          0          0        [PASS]
test/binding/test_self.rb                          1          1          0          0        [PASS]
test/binding/test_caller.rb                        7          7          0          0        [PASS]
test/binding/test_local_variables.rb               1          1          0          0        [PASS]
test/binding/test_opvars.rb                        2          3          0          0        [PASS]
test/test_thread.rb                                3          3          0          0        [PASS]
test/test_date.rb                                  9         11          0          0        [PASS]
test/test_dependency.rb                            4          4          0          0        [PASS]
test/proc/test_bind.rb                             1        100          0          0        [PASS]
test/proc/test_to_method.rb                        2          6          0          0        [PASS]
test/proc/test_curry.rb                            2          3          0          0        [PASS]
test/proc/test_compose.rb                          2          4          0          0        [PASS]
test/proc/test_partial.rb                          3          3          0          0        [PASS]
test/range/test_overlap.rb                         2          2          0          0        [PASS]
test/range/test_combine.rb                         2          2          0          0        [PASS]
test/range/test_to_r.rb                            2          2          0          0        [PASS]
test/range/test_within.rb                          5         15          0          0        [PASS]
test/test_ruby/symbol/test_succ.rb                 1          3          0          0        [PASS]
test/test_ruby/kernel/test_tap.rb                  2          2          0          0        [PASS]
test/test_ruby/array/test_combination.rb           2          2          0          0        [PASS]
test/test_ruby/array/test_product.rb               1          1          0          0        [PASS]
test/test_ruby/array/test_permutation.rb           1          1          0          0        [PASS]
test/test_times.rb                                13         13          0          0        [PASS]
test/test_binreadable.rb                           4         13          0          0        [PASS]
test/file/test_file.rb                             9          9          0          0        [PASS]
test/test_cloneable.rb                             2          6          0          0        [PASS]
test/test_inheritor.rb                            20         23          0          0        [PASS]
test/test_uninheritable.rb                         1          2          0          0        [PASS]
test/test_timer.rb                                 3          8          0          0        [PASS]
test/test_annotations.rb                          16         22          0          0        [PASS]
test/test_recorder.rb                              1          1          0          0        [PASS]
test/test_ruby.rb                                 21        441          0          0        [PASS]
test/hash/test_collate.rb                          2         12          0          0        [PASS]
test/hash/test_keys.rb                             3          5          0          0        [PASS]
test/hash/test_inverse.rb                          1          3          0          0        [PASS]
test/hash/test_stringify_keys.rb                   2          4          0          0        [PASS]
test/hash/test_rekey2.rb                           5         10          0          0        [PASS]
test/hash/test_delete.rb                           3          3          0          0        [PASS]
test/hash/test_symbolize_keys.rb                   2          4          0          0        [PASS]
test/hash/test_weave.rb                            1          1          0          0        [PASS]
test/hash/test_alias.rb                            1          3          0          0        [PASS]
test/hash/test_update.rb                           5          5          0          0        [PASS]
test/hash/test_swap.rb                             1          1          0          0        [PASS]
test/hash/test_at.rb                               1          2          0          0        [PASS]
test/hash/test_op.rb                               5          5          0          0        [PASS]
test/hash/test_select.rb                           1         12          0          0        [PASS]
test/hash/test_autonew.rb                          1          0          0          0        [PASS]
test/hash/test_insert.rb                           1          2          0          0        [PASS]
test/hash/test_traverse.rb                         2          3          0          0        [PASS]
test/hash/test_zipnew.rb                           1          1          0          0        [PASS]
test/hash/test_mash.rb                             2          2          0          0        [PASS]
test/hash/test_merge.rb                            1          1          0          0        [PASS]
test/hash/test_rekey.rb                            4         14          0          0        [PASS]
test/kernel/test_val.rb                            3          6          0          0        [PASS]
test/kernel/test_not_nil.rb                        1          4          0          0        [PASS]
test/kernel/test_resc.rb                           1          2          0          0        [PASS]
test/kernel/test_attr_singleton.rb                 3          8          0          0        [PASS]
test/kernel/test_constant.rb                       1          4          0          0        [PASS]
test/kernel/test_populate.rb                       3          9          0          0        [PASS]
test/kernel/test_callstack.rb                      1          1          0          0        [PASS]
test/kernel/test_instance_class.rb                 1          1          0          0        [PASS]
test/kernel/test_silence.rb                        1          1          0          0        [PASS]
test/kernel/test_object_hexid.rb                   1          1          0          0        [PASS]
test/kernel/test_in.rb                             1          2          0          0        [PASS]
test/kernel/test_instance_assign.rb                1          3          0          0        [PASS]
test/kernel/test_object_class.rb                   2          2          0          0        [PASS]
test/kernel/test_returning.rb                      1          1          0          0        [PASS]
test/kernel/test_here.rb                           1          1          0          0        [PASS]
test/kernel/test_deepcopy.rb                       1          1          0          0        [PASS]
test/kernel/test_as.rb                             4          5          0          0        [PASS]
test/test_tuple.rb                                 6         11          0          0        [PASS]
test/comparable/test_cmp.rb                        3         11          0          0        [PASS]
test/comparable/test_comparable.rb                 1          5          0          0        [PASS]
test/comparable/test_bound.rb                      4         22          0          0        [PASS]
test/test_classmethods.rb                          5          9          0          0        [PASS]
test/test_association.rb                           3          4          0          0        [PASS]
test/test_blank.rb                                 1          2          0          0        [PASS]
test/test_command.rb                               3          3          0          0        [PASS]
test/test_bbcode.rb                                2          2          0          0        [PASS]
test/enumerable/test_uniq_by.rb                    1          1          0          0        [PASS]
test/enumerable/test_occur.rb                      1          4          0          0        [PASS]
test/enumerable/test_inject.rb                     2          2          0          0        [PASS]
test/enumerable/test_probability.rb                5          9          0          0        [PASS]
test/enumerable/test_cluster_by.rb                 2          3          0          0        [PASS]
test/enumerable/test_each_by.rb                    7          7          0          0        [PASS]
test/enumerable/test_collect.rb                    2          2          0          0        [PASS]
test/enumerable/test_mash.rb                       5          5          0          0        [PASS]
test/test_memoize.rb                               3          3          0          0        [PASS]
test/test_interval.rb                             36         36          0          0        [PASS]
test/test_getoptlong.rb                            1          2          0          0        [PASS]
test/test_snapshot.rb                              1          3          0          0        [PASS]
test/test_succ.rb                                  3         16          0          0        [PASS]
test/test_style.rb                                 8         15          0          0        [PASS]
test/test_coroutine.rb                             1          1          0          0        [PASS]
test/string/test_subtract.rb                       1          3          0          0        [PASS]
test/string/test_natcmp.rb                         1          5          0          0        [PASS]
test/string/test_words.rb                         10         18          0          0        [PASS]
test/string/test_camelcase.rb                      3          7          0          0        [PASS]
test/string/test_nchar.rb                          1          4          0          0        [PASS]
test/string/test_cleave.rb                         4          9          0          0        [PASS]
test/string/test_capitalized.rb                    3          3          0          0        [PASS]
test/string/test_titlecase.rb                      1          1          0          0        [PASS]
test/string/test_fold.rb                           2          2          0          0        [PASS]
test/string/test_line_wrap.rb                      1          2          0          0        [PASS]
test/string/test_to_re.rb                          3          9          0          0        [PASS]
test/string/test_range.rb                          3          5          0          0        [PASS]
test/string/test_align.rb                          3          3          0          0        [PASS]
test/string/test_xor.rb                            1          1          0          0        [PASS]
test/string/test_divide.rb                         1          1          0          0        [PASS]
test/string/test_snakecase.rb                      1          4          0          0        [PASS]
test/string/test_shatter.rb                        1          1          0          0        [PASS]
test/string/test_interpolate.rb                    1          1          0          0        [PASS]
test/string/test_tab.rb                           15        129          0          0        [PASS]
test/string/test_mscan.rb                          1          4          0          0        [PASS]
test/string/test_bracket.rb                        7         22          0          0        [PASS]
test/test_overload.rb                             10         12          0          0        [PASS]
test/module/test_spacename.rb                      1          4          0          0        [PASS]
test/module/test_basename.rb                       1          1          0          0        [PASS]
test/module/test_nesting.rb                        1          1          0          0        [PASS]
test/module/test_ancestor.rb                       1          1          0          0        [PASS]
test/module/test_modspace.rb                       1          3          0          0        [PASS]
test/module/test_alias.rb                          2          2          0          0        [PASS]
test/module/test_op.rb                             3         11          0          0        [PASS]
test/module/test_revise.rb                        11         15          0          0        [PASS]
test/module/test_abstract.rb                       2          2          0          0        [PASS]
test/module/test_clone.rb                          3          7          0          0        [PASS]
test/module/test_pathize.rb                        1          1          0          0        [PASS]
test/test_elementor.rb                             5          8          0          0        [PASS]
test/test_to_hash.rb                               5          5          0          0        [PASS]
test/test_enumerablepass.rb                        8          7          0          0        [PASS]
test/time/test_to_time.rb                          1          3          0          0        [PASS]
test/time/test_stamp.rb                            2          2          0          0        [PASS]
test/time/test_change.rb                           1          1          0          0        [PASS]
test/time/test_elapse.rb                           1          1          0          0        [PASS]
test/test_ansicode.rb                              2          2          0          0        [PASS]
test/test_dictionary.rb                           11         31          0          0        [PASS]
test/dir/test_descend.rb                           1          4          0          0        [PASS]
test/dir/test_ascend.rb                            2          7          0          0        [PASS]
test/dir/test_multiglob.rb                         2          2          0          0        [PASS]
test/dir/test_parent.rb                            1          1          0          0        [PASS]
test/dir/test_recurse.rb                           2          2          0          0        [PASS]
test/test_lrucache.rb                              1          0          0          0        [PASS]
test/test_xoxo.rb                                 26         28          0          0        [PASS]
test/test_instantiable.rb                          2          2          0          0        [PASS]
test/filetest/test_filetest.rb                     1          1          0          0        [PASS]
test/class/test_descendents.rb                     1          1          0          0        [PASS]
test/test_functor.rb                               2          9          0          0        [PASS]
test/test_linkedlist.rb                            1         20          0          0        [PASS]
test/array/test_product.rb                         1          1          0          0        [PASS]
test/array/test_delete.rb                          3          7          0          0        [PASS]
test/array/test_stackable.rb                       2          4          0          0        [PASS]
test/array/test_select.rb                          1          1          0          0        [PASS]
test/array/test_only.rb                            1          4          0          0        [PASS]
test/array/test_indexable.rb                      14         28          0          0        [PASS]
test/array/test_pad.rb                             4          4          0          0        [PASS]
test/array/test_merge.rb                           2          2          0          0        [PASS]
test/array/test_rotate.rb                          2          4          0          0        [PASS]
test/test_methodspace.rb                           6          6          0          0        [PASS]
test/test_synchash.rb                              1          1          0          0        [PASS]
test/test_arguments.rb                             6         10          0          0        [PASS]
test/regexp/test_to_re.rb                          2          2          0          0        [PASS]
test/regexp/test_arity.rb                          1          4          0          0        [PASS]
test/matchdata/test_matchset.rb                    3          3          0          0        [PASS]
test/matchdata/test_match.rb                       1          1          0          0        [PASS]
test/test_multiton.rb                              6         16          0          0        [PASS]
test/exception/test_exception.rb                   1          1          0          0        [PASS]
test/test_advisable.rb                             2          4          0          0        [PASS]
test/test_cattr.rb                                 4          8          0          0        [PASS]
TOTAL                                            727       2235          0          0


= Solo Test @ Thu Apr 03 12:39:36 -0400 2008

TEST FILE                                        TESTS    ASSERTIONS  FAILURES    ERRORS   
test/integer/test_of.rb                            2          2          0          0        [PASS]
test/integer/test_factorial.rb                     1          5          0          0        [PASS]
test/integer/test_ordinal.rb                       1          4          0          0        [PASS]
test/integer/test_bitmask.rb                       6         21          0          0        [PASS]
test/integer/test_multiple.rb                      1          4          0          0        [PASS]
test/test_syncarray.rb                             1          1          0          0        [PASS]
test/test_crypt.rb                                 2          8          0          0        [PASS]
test/test_metaid.rb                                4          4          0          0        [PASS]
test/test_bytes.rb                                12         18          0          0        [PASS]
test/test_infinity.rb                              4         16          0          0        [PASS]
test/symbol/test_generate.rb                       2          4          0          0        [PASS]
test/symbol/test_chomp.rb                          2          2          0          0        [PASS]
test/symbol/test_not.rb                            1          2          0          0        [PASS]
test/test_1stclassmethod.rb                        2          3          0          0        [PASS]
test/test_typecast.rb                              6          6          0          0        [PASS]
test/test_buildable.rb                             2          2          0          0        [PASS]
test/test_instantise.rb                            2          2          0          0        [PASS]
test/test_openobject.rb                           13         29          0          0        [PASS]
test/test_equatable.rb                             1          3          0          0        [PASS]
test/test_uri.rb                                   4          4          0          0        [PASS]
test/test_opencascade.rb                           7        109          0          0        [PASS]
test/test_multipliers.rb                          21         21          0          0        [PASS]
test/test_autoarray.rb                             0          0          0          0        [PASS]
test/test_random.rb                               20        260          0          0        [PASS]
test/test_basicobject.rb                           7         13          0          0        [PASS]
test/test_boolean.rb                               8         35          0          0        [PASS]
test/test_continuation.rb                          1          1          0          0        [PASS]
test/test_prototype.rb                             2          4          0          0        [PASS]
test/test_ostruct.rb                              13         41          0          0        [PASS]
test/numeric/test_distance.rb                      1          3          0          0        [PASS]
test/numeric/test_round.rb                         4          8          0          0        [PASS]
test/numeric/test_approx.rb                        1          3          0          0        [PASS]
test/test_elementwise.rb                           2          8          0          0        [PASS]
test/test_class_extension.rb                       5          9          0          0        [PASS]
test/binding/test_defined.rb                       1          1          0          0        [PASS]
test/binding/test_self.rb                          1          1          0          0        [PASS]
test/binding/test_caller.rb                        7          7          0          0        [PASS]
test/binding/test_local_variables.rb               1          1          0          0        [PASS]
test/binding/test_opvars.rb                        2          3          0          0        [PASS]
test/test_thread.rb                                3          3          0          0        [PASS]
test/test_date.rb                                  9         11          0          0        [PASS]
test/test_dependency.rb                            4          4          0          0        [PASS]
test/proc/test_bind.rb                             1        100          0          0        [PASS]
test/proc/test_to_method.rb                        2          6          0          0        [PASS]
test/proc/test_curry.rb                            2          3          0          0        [PASS]
test/proc/test_compose.rb                          2          4          0          0        [PASS]
test/proc/test_partial.rb                          3          3          0          0        [PASS]
test/range/test_overlap.rb                         2          2          0          0        [PASS]
test/range/test_combine.rb                         2          2          0          0        [PASS]
test/range/test_to_r.rb                            2          2          0          0        [PASS]
test/range/test_within.rb                          5         15          0          0        [PASS]
test/test_ruby/symbol/test_succ.rb                 1          3          0          0        [PASS]
test/test_ruby/kernel/test_tap.rb                  2          2          0          0        [PASS]
test/test_ruby/array/test_combination.rb           2          2          0          0        [PASS]
test/test_ruby/array/test_product.rb               1          1          0          0        [PASS]
test/test_ruby/array/test_permutation.rb           1          1          0          0        [PASS]
test/test_times.rb                                13         13          0          0        [PASS]
test/test_binreadable.rb                           4         13          0          0        [PASS]
test/file/test_file.rb                             9          9          0          0        [PASS]
test/test_cloneable.rb                             2          6          0          0        [PASS]
test/test_inheritor.rb                            20         23          0          0        [PASS]
test/test_uninheritable.rb                         1          2          0          0        [PASS]
test/test_timer.rb                                 3          8          0          0        [PASS]
test/test_annotations.rb                          16         22          0          0        [PASS]
test/test_recorder.rb                              1          1          0          0        [PASS]
test/test_ruby.rb                                 21        441          0          0        [PASS]
test/hash/test_collate.rb                          2         12          0          0        [PASS]
test/hash/test_keys.rb                             3          5          0          0        [PASS]
test/hash/test_inverse.rb                          1          3          0          0        [PASS]
test/hash/test_stringify_keys.rb                   2          4          0          0        [PASS]
test/hash/test_rekey2.rb                           5         10          0          0        [PASS]
test/hash/test_delete.rb                           3          3          0          0        [PASS]
test/hash/test_symbolize_keys.rb                   2          4          0          0        [PASS]
test/hash/test_weave.rb                            1          1          0          0        [PASS]
test/hash/test_alias.rb                            1          3          0          0        [PASS]
test/hash/test_update.rb                           5          5          0          0        [PASS]
test/hash/test_swap.rb                             1          1          0          0        [PASS]
test/hash/test_at.rb                               1          2          0          0        [PASS]
test/hash/test_op.rb                               5          5          0          0        [PASS]
test/hash/test_select.rb                           1         12          0          0        [PASS]
test/hash/test_autonew.rb                          1          0          0          0        [PASS]
test/hash/test_insert.rb                           1          2          0          0        [PASS]
test/hash/test_traverse.rb                         2          3          0          0        [PASS]
test/hash/test_zipnew.rb                           1          1          0          0        [PASS]
test/hash/test_mash.rb                             2          2          0          0        [PASS]
test/hash/test_merge.rb                            1          1          0          0        [PASS]
test/hash/test_rekey.rb                            4         14          0          0        [PASS]
test/kernel/test_val.rb                            3          6          0          0        [PASS]
test/kernel/test_not_nil.rb                        1          4          0          0        [PASS]
test/kernel/test_resc.rb                           1          2          0          0        [PASS]
test/kernel/test_attr_singleton.rb                 3          8          0          0        [PASS]
test/kernel/test_constant.rb                       1          4          0          0        [PASS]
test/kernel/test_populate.rb                       3          9          0          0        [PASS]
test/kernel/test_callstack.rb                      1          1          0          0        [PASS]
test/kernel/test_instance_class.rb                 1          1          0          0        [PASS]
test/kernel/test_silence.rb                        1          1          0          0        [PASS]
test/kernel/test_object_hexid.rb                   1          1          0          0        [PASS]
test/kernel/test_in.rb                             1          2          0          0        [PASS]
test/kernel/test_instance_assign.rb                1          3          0          0        [PASS]
test/kernel/test_object_class.rb                   2          2          0          0        [PASS]
test/kernel/test_returning.rb                      1          1          0          0        [PASS]
test/kernel/test_here.rb                           1          1          0          0        [PASS]
test/kernel/test_deepcopy.rb                       1          1          0          0        [PASS]
test/kernel/test_as.rb                             4          5          0          0        [PASS]
test/test_tuple.rb                                 6         11          0          0        [PASS]
test/comparable/test_cmp.rb                        3         11          0          0        [PASS]
test/comparable/test_comparable.rb                 1          5          0          0        [PASS]
test/comparable/test_bound.rb                      4         22          0          0        [PASS]
test/test_classmethods.rb                          5          9          0          0        [PASS]
test/test_association.rb                           3          4          0          0        [PASS]
test/test_blank.rb                                 1          2          0          0        [PASS]
test/test_command.rb                               3          3          0          0        [PASS]
test/test_bbcode.rb                                2          2          0          0        [PASS]
test/enumerable/test_uniq_by.rb                    1          1          0          0        [PASS]
test/enumerable/test_occur.rb                      1          4          0          0        [PASS]
test/enumerable/test_inject.rb                     2          2          0          0        [PASS]
test/enumerable/test_probability.rb                5          9          0          0        [PASS]
test/enumerable/test_cluster_by.rb                 2          3          0          0        [PASS]
test/enumerable/test_each_by.rb                    7          7          0          0        [PASS]
test/enumerable/test_collect.rb                    2          2          0          0        [PASS]
test/enumerable/test_mash.rb                       5          5          0          0        [PASS]
test/test_memoize.rb                               3          3          0          0        [PASS]
test/test_interval.rb                             36         36          0          0        [PASS]
test/test_getoptlong.rb                            1          2          0          0        [PASS]
test/test_snapshot.rb                              1          3          0          0        [PASS]
test/test_succ.rb                                  3         16          0          0        [PASS]
test/test_style.rb                                 8         15          0          0        [PASS]
test/test_coroutine.rb                             1          1          0          0        [PASS]
test/string/test_subtract.rb                       1          3          0          0        [PASS]
test/string/test_natcmp.rb                         1          5          0          0        [PASS]
test/string/test_words.rb                         10         18          0          0        [PASS]
test/string/test_camelcase.rb                      3          7          0          0        [PASS]
test/string/test_nchar.rb                          1          4          0          0        [PASS]
test/string/test_cleave.rb                         4          9          0          0        [PASS]
test/string/test_capitalized.rb                    3          3          0          0        [PASS]
test/string/test_titlecase.rb                      1          1          0          0        [PASS]
test/string/test_fold.rb                           2          2          0          0        [PASS]
test/string/test_line_wrap.rb                      1          2          0          0        [PASS]
test/string/test_to_re.rb                          3          9          0          0        [PASS]
test/string/test_range.rb                          3          5          0          0        [PASS]
test/string/test_align.rb                          3          3          0          0        [PASS]
test/string/test_xor.rb                            1          1          0          0        [PASS]
test/string/test_divide.rb                         1          1          0          0        [PASS]
test/string/test_snakecase.rb                      1          4          0          0        [PASS]
test/string/test_shatter.rb                        1          1          0          0        [PASS]
test/string/test_interpolate.rb                    1          1          0          0        [PASS]
test/string/test_tab.rb                           15        129          0          0        [PASS]
test/string/test_mscan.rb                          1          4          0          0        [PASS]
test/string/test_bracket.rb                        7         22          0          0        [PASS]
test/test_overload.rb                             10         12          0          0        [PASS]
test/module/test_spacename.rb                      1          4          0          0        [PASS]
test/module/test_basename.rb                       1          1          0          0        [PASS]
test/module/test_nesting.rb                        1          1          0          0        [PASS]
test/module/test_ancestor.rb                       1          1          0          0        [PASS]
test/module/test_modspace.rb                       1          3          0          0        [PASS]
test/module/test_alias.rb                          2          2          0          0        [PASS]
test/module/test_op.rb                             3         11          0          0        [PASS]
test/module/test_revise.rb                        11         15          0          0        [PASS]
test/module/test_abstract.rb                       2          2          0          0        [PASS]
test/module/test_clone.rb                          3          7          0          0        [PASS]
test/module/test_pathize.rb                        1          1          0          0        [PASS]
test/test_elementor.rb                             5          8          0          0        [PASS]
test/test_to_hash.rb                               5          5          0          0        [PASS]
test/test_enumerablepass.rb                        8          7          0          0        [PASS]
test/time/test_to_time.rb                          1          3          0          0        [PASS]
test/time/test_stamp.rb                            2          2          0          0        [PASS]
test/time/test_change.rb                           1          1          0          0        [PASS]
test/time/test_elapse.rb                           1          1          0          0        [PASS]
test/test_ansicode.rb                              2          2          0          0        [PASS]
test/test_dictionary.rb                           11         31          0          0        [PASS]
test/dir/test_descend.rb                           1          4          0          0        [PASS]
test/dir/test_ascend.rb                            2          7          0          0        [PASS]
test/dir/test_multiglob.rb                         2          2          0          0        [PASS]
test/dir/test_parent.rb                            1          1          0          0        [PASS]
test/dir/test_recurse.rb                           2          2          0          0        [PASS]
test/test_lrucache.rb                              1          0          0          0        [PASS]
test/test_xoxo.rb                                 26         28          0          0        [PASS]
test/test_instantiable.rb                          2          2          0          0        [PASS]
test/filetest/test_filetest.rb                     1          1          0          0        [PASS]
test/class/test_descendents.rb                     1          1          0          0        [PASS]
test/test_functor.rb                               2          9          0          0        [PASS]
test/test_linkedlist.rb                            1         20          0          0        [PASS]
test/array/test_product.rb                         1          1          0          0        [PASS]
test/array/test_delete.rb                          3          7          0          0        [PASS]
test/array/test_stackable.rb                       2          4          0          0        [PASS]
test/array/test_select.rb                          1          1          0          0        [PASS]
test/array/test_only.rb                            1          4          0          0        [PASS]
test/array/test_indexable.rb                      14         28          0          0        [PASS]
test/array/test_pad.rb                             4          4          0          0        [PASS]
test/array/test_merge.rb                           2          2          0          0        [PASS]
test/array/test_rotate.rb                          2          4          0          0        [PASS]
test/test_methodspace.rb                           6          6          0          0        [PASS]
test/test_synchash.rb                              1          1          0          0        [PASS]
test/test_arguments.rb                             6         10          0          0        [PASS]
test/regexp/test_to_re.rb                          2          2          0          0        [PASS]
test/regexp/test_arity.rb                          1          4          0          0        [PASS]
test/matchdata/test_matchset.rb                    3          3          0          0        [PASS]
test/matchdata/test_match.rb                       1          1          0          0        [PASS]
test/test_multiton.rb                              6         16          0          0        [PASS]
test/exception/test_exception.rb                   1          1          0          0        [PASS]
test/test_advisable.rb                             2          4          0          0        [PASS]
test/test_cattr.rb                                 4          8          0          0        [PASS]
TOTAL                                            727       2235          0          0


